2019-10-03 13:38:06,723:INFO:discord.client:logging in using static token
2019-10-03 13:38:06,914:DEBUG:discord.http:GET https://discordapp.com/api/v7/users/@me with None has returned 200
2019-10-03 13:38:06,914:DEBUG:discord.http:GET https://discordapp.com/api/v7/users/@me has received {'username': 'Trig Float', 'verified': True, 'locale': 'en-US', 'mfa_enabled': True, 'bot': True, 'id': '629364017047273507', 'flags': 0, 'avatar': 'cc598a0b77fb1cde287c0434deef7bc1', 'discriminator': '9014', 'email': None}
2019-10-03 13:38:06,929:DEBUG:discord.http:GET https://discordapp.com/api/v7/gateway with None has returned 200
2019-10-03 13:38:06,930:DEBUG:discord.http:GET https://discordapp.com/api/v7/gateway has received {'url': 'wss://gateway.discord.gg'}
2019-10-03 13:38:07,103:INFO:discord.gateway:Created websocket connected to wss://gateway.discord.gg?encoding=json&v=6&compress=zlib-stream
2019-10-03 13:38:07,104:DEBUG:discord.client:Dispatching event socket_raw_receive
2019-10-03 13:38:07,105:DEBUG:discord.gateway:For Shard ID None: WebSocket Event: {'t': None, 's': None, 'op': 10, 'd': {'heartbeat_interval': 41250, '_trace': ['["gateway-prd-main-c6vt",{"micros":0.0}]']}}
2019-10-03 13:38:07,105:DEBUG:discord.client:Dispatching event socket_response
2019-10-03 13:38:07,106:DEBUG:discord.client:Dispatching event socket_raw_send
2019-10-03 13:38:07,108:DEBUG:discord.client:Dispatching event socket_raw_send
2019-10-03 13:38:07,109:INFO:discord.gateway:Shard ID None has sent the IDENTIFY payload.
2019-10-03 13:38:07,151:DEBUG:discord.client:Dispatching event socket_raw_receive
2019-10-03 13:38:07,152:DEBUG:discord.gateway:For Shard ID None: WebSocket Event: {'t': None, 's': None, 'op': 11, 'd': None}
2019-10-03 13:38:07,152:DEBUG:discord.client:Dispatching event socket_response
2019-10-03 13:38:07,186:DEBUG:discord.client:Dispatching event socket_raw_receive
2019-10-03 13:38:07,186:DEBUG:discord.gateway:For Shard ID None: WebSocket Event: {'t': 'READY', 's': 1, 'op': 0, 'd': {'v': 6, 'user_settings': {}, 'user': {'verified': True, 'username': 'Trig Float', 'mfa_enabled': True, 'id': '629364017047273507', 'email': None, 'discriminator': '9014', 'bot': True, 'avatar': 'cc598a0b77fb1cde287c0434deef7bc1'}, 'session_id': '3f3d386b9af5034c919612efb7d00ced', 'relationships': [], 'private_channels': [], 'presences': [], 'guilds': [{'unavailable': True, 'id': '466807163323416586'}], '_trace': ['["gateway-prd-main-c6vt",{"micros":35780,"calls":["discord-sessions-prd-1-4",{"micros":30608,"calls":["start_session",{"micros":23539,"calls":["api-prd-main-wcgn",{"micros":15703,"calls":["get_user",{"micros":2328},"add_authorized_ip",{"micros":1609},"get_guilds",{"micros":3554},"coros_wait",{"micros":0}]}]},"guilds_connect",{"micros":2,"calls":[]},"presence_connect",{"micros":6266,"calls":[]}]}]}]']}}
2019-10-03 13:38:07,186:DEBUG:discord.client:Dispatching event socket_response
2019-10-03 13:38:07,186:INFO:discord.gateway:Shard ID None has connected to Gateway: ["gateway-prd-main-c6vt",{"micros":35780,"calls":["discord-sessions-prd-1-4",{"micros":30608,"calls":["start_session",{"micros":23539,"calls":["api-prd-main-wcgn",{"micros":15703,"calls":["get_user",{"micros":2328},"add_authorized_ip",{"micros":1609},"get_guilds",{"micros":3554},"coros_wait",{"micros":0}]}]},"guilds_connect",{"micros":2,"calls":[]},"presence_connect",{"micros":6266,"calls":[]}]}]}] (Session ID: 3f3d386b9af5034c919612efb7d00ced).
2019-10-03 13:38:07,187:DEBUG:discord.client:Dispatching event connect
2019-10-03 13:38:07,187:DEBUG:discord.client:Dispatching event socket_raw_receive
2019-10-03 13:38:07,187:DEBUG:discord.gateway:For Shard ID None: WebSocket Event: {'t': 'GUILD_CREATE', 's': 2, 'op': 0, 'd': {'owner_id': '161601190616891392', 'description': None, 'premium_tier': 0, 'roles': [{'position': 0, 'permissions': 104324673, 'name': '@everyone', 'mentionable': False, 'managed': False, 'id': '466807163323416586', 'hoist': False, 'color': 0}, {'position': 1, 'permissions': 104324673, 'name': 'Cake', 'mentionable': False, 'managed': False, 'id': '467078747640692767', 'hoist': False, 'color': 0}, {'position': 1, 'permissions': 93760, 'name': 'Trig Cake', 'mentionable': False, 'managed': True, 'id': '478673695192121346', 'hoist': False, 'color': 0}, {'position': 1, 'permissions': 262752, 'name': 'Ms Patano', 'mentionable': False, 'managed': True, 'id': '482305539607363588', 'hoist': False, 'color': 0}, {'position': 1, 'permissions': 262728, 'name': 'Rythm', 'mentionable': False, 'managed': True, 'id': '497916910143537152', 'hoist': False, 'color': 0}, {'position': 1, 'permissions': 2134208255, 'name': 'Dyno', 'mentionable': False, 'managed': True, 'id': '543856766346330122', 'hoist': False, 'color': 0}, {'position': 1, 'permissions': 8, 'name': 'Trig Float', 'mentionable': False, 'managed': True, 'id': '629370918589956136', 'hoist': False, 'color': 0}], 'banner': None, 'vanity_url_code': None, 'splash': None, 'name': 'Trig Float', 'preferred_locale': 'en-US', 'voice_states': [], 'explicit_content_filter': 0, 'members': [{'user': {'username': 'Dyno', 'id': '155149108183695360', 'discriminator': '3861', 'bot': True, 'avatar': '3ac2fbefebd4de9ffeefcb0f2cb15ecd'}, 'roles': ['543856766346330122'], 'mute': False, 'joined_at': '2019-02-09T18:12:37.444000+00:00', 'hoisted_role': None, 'deaf': False}, {'user': {'username': 'Rob', 'id': '161601190616891392', 'discriminator': '8668', 'avatar': '56b47bd0cefbff2b468f1d8f4fb2ccf7'}, 'roles': ['467078747640692767'], 'mute': False, 'joined_at': '2018-07-12T03:25:00.596000+00:00', 'hoisted_role': None, 'deaf': False}, {'user': {'username': 'Rythm', 'id': '235088799074484224', 'discriminator': '3722', 'bot': True, 'avatar': '16c197c4c3f0eb808f9bceb6e1075e71'}, 'roles': ['497916910143537152'], 'mute': False, 'joined_at': '2018-10-05T23:44:02.218000+00:00', 'hoisted_role': None, 'deaf': False}, {'user': {'username': 'Trig Cake', 'id': '438429063879720960', 'discriminator': '3400', 'bot': True, 'avatar': 'b1cc4771d4e3a625c9b86344767e8e3d'}, 'roles': ['478673695192121346'], 'mute': False, 'joined_at': '2018-08-13T21:18:22.351000+00:00', 'hoisted_role': None, 'deaf': False}, {'user': {'username': 'Euler', 'id': '481998630094635028', 'discriminator': '9768', 'bot': True, 'avatar': 'df03de043deea5c3013c35e43fd57659'}, 'roles': ['482305539607363588'], 'mute': False, 'joined_at': '2018-08-23T21:50:01.475000+00:00', 'hoisted_role': None, 'deaf': False}, {'user': {'username': 'Trig Float', 'id': '629364017047273507', 'discriminator': '9014', 'bot': True, 'avatar': 'cc598a0b77fb1cde287c0434deef7bc1'}, 'roles': ['629370918589956136'], 'premium_since': None, 'nick': None, 'mute': False, 'joined_at': '2019-10-03T17:35:20.129534+00:00', 'hoisted_role': None, 'deaf': False}], 'id': '466807163323416586', 'default_message_notifications': 0, 'unavailable': False, 'member_count': 6, 'premium_subscription_count': 0, 'icon': '6615eaaf65fc4fc23cdd76ffc658f9c5', 'lazy': True, 'mfa_level': 0, 'verification_level': 0, 'afk_timeout': 300, 'afk_channel_id': None, 'emojis': [], 'system_channel_flags': 0, 'large': False, 'presences': [{'user': {'id': '155149108183695360'}, 'status': 'online', 'game': {'type': 0, 'name': 'dyno.gg | ?help ', 'id': 'ec0b28a579ecb4bd', 'created_at': 1569826194414}, 'client_status': {'web': 'online'}, 'activities': [{'type': 0, 'name': 'dyno.gg | ?help ', 'id': 'ec0b28a579ecb4bd', 'created_at': 1569826194414}]}, {'user': {'id': '235088799074484224'}, 'status': 'online', 'game': None, 'client_status': {'web': 'online'}, 'activities': []}, {'user': {'id': '629364017047273507'}, 'status': 'online', 'game': None, 'client_status': {'web': 'online'}, 'activities': []}], 'region': 'us-east', 'joined_at': '2019-10-03T17:35:20.129534+00:00', 'channels': [{'user_limit': 0, 'type': 4, 'position': 0, 'permission_overwrites': [], 'name': 'Text Channels', 'id': '466807163323416587', 'bitrate': 64000}, {'type': 0, 'topic': '', 'rate_limit_per_user': 0, 'position': 1, 'permission_overwrites': [], 'parent_id': '466807163323416587', 'nsfw': False, 'name': 'testing', 'last_message_id': '629370918665191424', 'id': '466807163323416588'}, {'user_limit': 0, 'type': 4, 'position': 2, 'permission_overwrites': [], 'name': 'Voice Channels', 'id': '466807163323416589', 'bitrate': 64000}, {'user_limit': 0, 'type': 2, 'position': 0, 'permission_overwrites': [], 'parent_id': '466807163323416589', 'name': 'General', 'id': '466807163323416590', 'bitrate': 64000}, {'type': 0, 'topic': None, 'rate_limit_per_user': 0, 'position': 2, 'permission_overwrites': [], 'parent_id': '466807163323416587', 'nsfw': False, 'name': 'ideas', 'last_message_id': '628727812337041408', 'id': '616530610382438430'}, {'user_limit': 0, 'type': 4, 'position': 1, 'permission_overwrites': [], 'name': 'courses', 'id': '624400236923846678', 'bitrate': 64000}, {'type': 0, 'topic': None, 'rate_limit_per_user': 0, 'position': 5, 'permission_overwrites': [], 'parent_id': '624400236923846678', 'nsfw': False, 'name': 'eng140', 'last_message_id': '629344841293365276', 'id': '624400595339575296'}, {'type': 0, 'topic': None, 'rate_limit_per_user': 0, 'position': 4, 'permission_overwrites': [], 'parent_id': '624400236923846678', 'nsfw': False, 'name': 'mat137', 'last_message_id': '625546196743749642', 'id': '624400620220055552'}, {'type': 0, 'topic': None, 'rate_limit_per_user': 0, 'position': 6, 'permission_overwrites': [], 'parent_id': '624400236923846678', 'nsfw': False, 'name': 'csc148', 'last_message_id': '629344604713648129', 'id': '624400638138253313'}, {'type': 0, 'topic': None, 'rate_limit_per_user': 0, 'position': 7, 'permission_overwrites': [], 'parent_id': '624400236923846678', 'nsfw': False, 'name': 'csc165', 'last_message_id': '628675001880412172', 'id': '624400661597126677'}, {'type': 0, 'topic': None, 'rate_limit_per_user': 0, 'position': 8, 'permission_overwrites': [], 'parent_id': '624400236923846678', 'nsfw': False, 'name': 'phl101', 'last_message_id': '628971552620150814', 'id': '624400690021793822'}, {'type': 0, 'topic': None, 'rate_limit_per_user': 0, 'position': 0, 'permission_overwrites': [], 'parent_id': '466807163323416587', 'nsfw': False, 'name': 'general', 'last_message_id': '628284043498356737', 'id': '626423984275062824'}, {'type': 0, 'topic': None, 'rate_limit_per_user': 0, 'position': 9, 'permission_overwrites': [], 'parent_id': '624400236923846678', 'nsfw': False, 'name': 'program', 'last_message_id': '628749980080799744', 'id': '628675126984048683'}, {'type': 0, 'topic': None, 'rate_limit_per_user': 0, 'position': 3, 'permission_overwrites': [], 'parent_id': '466807163323416587', 'nsfw': False, 'name': 'bookstores', 'last_message_id': '629080714394206238', 'id': '629078641183293463'}], 'features': [], 'application_id': None, 'system_channel_id': '466807163323416588'}}
2019-10-03 13:38:07,191:DEBUG:discord.client:Dispatching event socket_response
2019-10-03 13:38:07,192:DEBUG:discord.client:Dispatching event guild_available
2019-10-03 13:38:09,193:DEBUG:discord.client:Dispatching event ready
2019-10-03 13:38:09,194:DEBUG:discord.gateway:Sending "{"op":3,"d":{"game":{"type":0,"name":"Tryna Stay Chill","timestamps":{}},"afk":false,"since":1570124289194,"status":"idle"}}" to change status
2019-10-03 13:38:09,195:DEBUG:discord.client:Dispatching event socket_raw_send
2019-10-03 13:38:48,358:DEBUG:discord.gateway:Keeping websocket alive with sequence 2.
2019-10-03 13:38:48,360:DEBUG:discord.client:Dispatching event socket_raw_send
2019-10-03 13:38:48,405:DEBUG:discord.client:Dispatching event socket_raw_receive
2019-10-03 13:38:48,406:DEBUG:discord.gateway:For Shard ID None: WebSocket Event: {'t': None, 's': None, 'op': 11, 'd': None}
2019-10-03 13:38:48,406:DEBUG:discord.client:Dispatching event socket_response
2019-10-03 13:39:29,613:DEBUG:discord.gateway:Keeping websocket alive with sequence 2.
2019-10-03 13:39:29,614:DEBUG:discord.client:Dispatching event socket_raw_send
2019-10-03 13:39:29,655:DEBUG:discord.client:Dispatching event socket_raw_receive
2019-10-03 13:39:29,657:DEBUG:discord.gateway:For Shard ID None: WebSocket Event: {'t': None, 's': None, 'op': 11, 'd': None}
2019-10-03 13:39:29,658:DEBUG:discord.client:Dispatching event socket_response
2019-10-03 13:40:10,867:DEBUG:discord.gateway:Keeping websocket alive with sequence 2.
2019-10-03 13:40:10,868:DEBUG:discord.client:Dispatching event socket_raw_send
2019-10-03 13:40:10,909:DEBUG:discord.client:Dispatching event socket_raw_receive
2019-10-03 13:40:10,909:DEBUG:discord.gateway:For Shard ID None: WebSocket Event: {'t': None, 's': None, 'op': 11, 'd': None}
2019-10-03 13:40:10,909:DEBUG:discord.client:Dispatching event socket_response
2019-10-03 13:40:52,120:DEBUG:discord.gateway:Keeping websocket alive with sequence 2.
2019-10-03 13:40:52,120:DEBUG:discord.client:Dispatching event socket_raw_send
2019-10-03 13:40:52,161:DEBUG:discord.client:Dispatching event socket_raw_receive
2019-10-03 13:40:52,162:DEBUG:discord.gateway:For Shard ID None: WebSocket Event: {'t': None, 's': None, 'op': 11, 'd': None}
2019-10-03 13:40:52,162:DEBUG:discord.client:Dispatching event socket_response
2019-10-03 13:41:33,371:DEBUG:discord.gateway:Keeping websocket alive with sequence 2.
2019-10-03 13:41:33,372:DEBUG:discord.client:Dispatching event socket_raw_send
2019-10-03 13:41:33,418:DEBUG:discord.client:Dispatching event socket_raw_receive
2019-10-03 13:41:33,419:DEBUG:discord.gateway:For Shard ID None: WebSocket Event: {'t': None, 's': None, 'op': 11, 'd': None}
2019-10-03 13:41:33,419:DEBUG:discord.client:Dispatching event socket_response
